Build started 26/11/2013 11:35:30 PM.
     1>Project "C:\Kevin\Dropbox\work\pl\vs2012\vs2012.vcxproj" on node 2 (Build target(s)).
     1>ClCompile:
         C:\Program Files (x86)\Microsoft Visual Studio 11.0\VC\bin\CL.exe /c /ZI /nologo /W3 /WX- /sdl /Od /Oy- /D _CRT_SECURE_NO_WARNINGS /D WIN32 /D _MBCS /Gm /EHsc /RTC1 /MDd /GS /fp:precise /Zc:wchar_t /Zc:forScope /Fo"Debug\\" /Fd"Debug\vc110.pdb" /Gd /TP /analyze- /errorReport:prompt ..\plCSV.cpp ..\plPlan.cpp
         plPlan.cpp
         plCSV.cpp
         Generating Code...
     1>cl : Command line warning D9028: minimal rebuild failure, reverting to normal build
       Link:
         C:\Program Files (x86)\Microsoft Visual Studio 11.0\VC\bin\link.exe /ERRORREPORT:PROMPT /OUT:"C:\Kevin\Dropbox\work\pl\vs2012\Debug\vs2012.exe" /INCREMENTAL /NOLOGO glew32.lib glut32.lib opengl32.lib /MANIFEST /MANIFESTUAC:"level='asInvoker' uiAccess='false'" /manifest:embed /DEBUG /PDB:"C:\Kevin\Dropbox\work\pl\vs2012\Debug\vs2012.pdb" /TLBID:1 /DYNAMICBASE /NXCOMPAT /IMPLIB:"C:\Kevin\Dropbox\work\pl\vs2012\Debug\vs2012.lib" /MACHINE:X86 Debug\main.obj
         Debug\pl.obj
         Debug\PlannerWindow.obj
         Debug\plArthroCamTechnique.obj
         Debug\plArthroViewable.obj
         Debug\plAutomaticPlanner.obj
         Debug\plBoneAndCartilage.obj
         Debug\plBoundary.obj
         Debug\plBoundaryEditor.obj
         Debug\plBufferObject.obj
         Debug\plCamera.obj
         Debug\plChessBoard.obj
         Debug\plColourMap.obj
         Debug\plCone.obj
         Debug\plCSV.obj
         Debug\plCylinder.obj
         Debug\plDefectSite.obj
         Debug\plDisk.obj
         Debug\plDonorSite.obj
         Debug\plDraw.obj
         Debug\plDRBTransform.obj
         Debug\plEABO.obj
         Debug\plEditable.obj
         Debug\plFBO.obj
         Debug\plGraft.obj
         Debug\plGraftCap.obj
         Debug\plGraftEditor.obj
         Debug\plIGuide.obj
         Debug\plIGuideSite.obj
         Debug\plLaserLine.obj
         Debug\plMath.obj
         Debug\plMatrix44.obj
         Debug\plMatrixStack.obj
         Debug\plMesh.obj
         Debug\plMeshAlgorithm.obj
         Debug\plMeshConnectivityData.obj
         Debug\plMeshCutter.obj
         Debug\plMeshExtruder.obj
         Debug\plMeshIntersector.obj
         Debug\plModel.obj
         Debug\plModelSpecific.obj
         Debug\plOctree.obj
         Debug\plOctreeMesh.obj
         Debug\plOpenGLInfo.obj
         Debug\plOutlineTechnique.obj
         Debug\plPicking.obj
         Debug\plPlan.obj
         Debug\plPlannerShader.obj
         Debug\plPlannerStage0.obj
         Debug\plPlannerStage1.obj
         Debug\plPlannerStage2.obj
         Debug\plPlannerStage3.obj
         Debug\plPlannerStructs.obj
         Debug\plPlanningBufferData.obj
         Debug\plPlanningSite.obj
         Debug\plPlanTechnique.obj
         Debug\plPlug.obj
         Debug\plPolygon.obj
         Debug\plProjection.obj
         Debug\plRenderable.obj
         Debug\plRenderComponent.obj
         Debug\plRenderer.obj
         Debug\plRenderingPipeline.obj
         Debug\plRenderResources.obj
         Debug\plRenderTechnique.obj
         Debug\plScan.obj
         Debug\plScanPoint.obj
         Debug\plScanVolume.obj
         Debug\plScreenQuadTechnique.obj
         Debug\plShader.obj
         Debug\plSphere.obj
         Debug\plSpline.obj
         Debug\plSSBO.obj
         Debug\plString.obj
         Debug\plTexture2D.obj
         Debug\plTexture3D.obj
         Debug\plTrackedObject.obj
         Debug\plTransform.obj
         Debug\plTransparentRenderable.obj
         Debug\plTransparencyTechnique.obj
         Debug\plTriangle.obj
         Debug\plUniform.obj
         Debug\plUtility.obj
         Debug\plVAO.obj
         Debug\plVBO.obj
         Debug\plVector3.obj
         Debug\plVector4.obj
         Debug\plVertexFragmentShader.obj
         Debug\plVertexSpecBuffer.obj
         Debug\plWindow.obj
         Debug\Window.obj
         vs2012.vcxproj -> C:\Kevin\Dropbox\work\pl\vs2012\Debug\vs2012.exe
     1>Done Building Project "C:\Kevin\Dropbox\work\pl\vs2012\vs2012.vcxproj" (Build target(s)).

Build succeeded.

Time Elapsed 00:00:02.19
