C:\KEVIN\DROPBOX\WORK\PL\VS2012\DEBUG\PLSPLINE.OBJ
C:\KEVIN\DROPBOX\WORK\PL\VS2012\DEBUG\PLSSBO.OBJ
C:\KEVIN\DROPBOX\WORK\PL\VS2012\DEBUG\PLSTRING.OBJ
C:\KEVIN\DROPBOX\WORK\PL\VS2012\DEBUG\PLTEXTURE2D.OBJ
C:\KEVIN\DROPBOX\WORK\PL\VS2012\DEBUG\PLTEXTURE2DMESH.OBJ
C:\KEVIN\DROPBOX\WORK\PL\VS2012\DEBUG\PLTEXTURE2DSHADER.OBJ
C:\KEVIN\DROPBOX\WORK\PL\VS2012\DEBUG\PLTEXTURE3D.OBJ
C:\KEVIN\DROPBOX\WORK\PL\VS2012\DEBUG\PLTEXTURE3DMESH.OBJ
C:\KEVIN\DROPBOX\WORK\PL\VS2012\DEBUG\PLTEXTURE3DSHADER.OBJ
C:\KEVIN\DROPBOX\WORK\PL\VS2012\DEBUG\PLTRACKEDOBJECT.OBJ
C:\KEVIN\DROPBOX\WORK\PL\VS2012\DEBUG\PLTRANSFORM.OBJ
C:\KEVIN\DROPBOX\WORK\PL\VS2012\DEBUG\PLTRANSPARENTRENDERABLE.OBJ
C:\KEVIN\DROPBOX\WORK\PL\VS2012\DEBUG\PLTRIANGLE.OBJ
C:\KEVIN\DROPBOX\WORK\PL\VS2012\DEBUG\PLUTILITY.OBJ
C:\KEVIN\DROPBOX\WORK\PL\VS2012\DEBUG\PLVAO.OBJ
C:\KEVIN\DROPBOX\WORK\PL\VS2012\DEBUG\PLVBO.OBJ
C:\KEVIN\DROPBOX\WORK\PL\VS2012\DEBUG\PLVECTOR3.OBJ
C:\KEVIN\DROPBOX\WORK\PL\VS2012\DEBUG\PLVECTOR4.OBJ
C:\KEVIN\DROPBOX\WORK\PL\VS2012\DEBUG\PLWINDOW.OBJ
C:\KEVIN\DROPBOX\WORK\PL\VS2012\DEBUG\WINDOW.OBJ
C:\KEVIN\DROPBOX\WORK\PL\VS2012\DEBUG\PLPLANNERSTAGE1.OBJ
C:\KEVIN\DROPBOX\WORK\PL\VS2012\DEBUG\PLPLANNERSTAGE1SHADER.OBJ
C:\KEVIN\DROPBOX\WORK\PL\VS2012\DEBUG\PLPLANNERSTAGE2.OBJ
C:\KEVIN\DROPBOX\WORK\PL\VS2012\DEBUG\PLPLANNERSTAGE2SHADER.OBJ
C:\KEVIN\DROPBOX\WORK\PL\VS2012\DEBUG\PLPLANNERSTAGE3.OBJ
C:\KEVIN\DROPBOX\WORK\PL\VS2012\DEBUG\PLPLANNERSTAGE3SHADER.OBJ
C:\KEVIN\DROPBOX\WORK\PL\VS2012\DEBUG\PLPLANNERSTRUCTS.OBJ
C:\KEVIN\DROPBOX\WORK\PL\VS2012\DEBUG\PLPLANNINGBUFFERDATA.OBJ
C:\KEVIN\DROPBOX\WORK\PL\VS2012\DEBUG\PLPLANNINGSITE.OBJ
C:\KEVIN\DROPBOX\WORK\PL\VS2012\DEBUG\PLPLUG.OBJ
C:\KEVIN\DROPBOX\WORK\PL\VS2012\DEBUG\PLPOLYGON.OBJ
C:\KEVIN\DROPBOX\WORK\PL\VS2012\DEBUG\PLPROJECTION.OBJ
C:\KEVIN\DROPBOX\WORK\PL\VS2012\DEBUG\PLRENDERABLE.OBJ
C:\KEVIN\DROPBOX\WORK\PL\VS2012\DEBUG\PLRENDERER.OBJ
C:\KEVIN\DROPBOX\WORK\PL\VS2012\DEBUG\PLRENDERINGPIPELINE.OBJ
C:\KEVIN\DROPBOX\WORK\PL\VS2012\DEBUG\PLSCAN.OBJ
C:\KEVIN\DROPBOX\WORK\PL\VS2012\DEBUG\PLSCANPOINT.OBJ
C:\KEVIN\DROPBOX\WORK\PL\VS2012\DEBUG\PLSCANVOLUME.OBJ
C:\KEVIN\DROPBOX\WORK\PL\VS2012\DEBUG\PLSHADER.OBJ
C:\KEVIN\DROPBOX\WORK\PL\VS2012\DEBUG\PLSHAPEMESH.OBJ
C:\KEVIN\DROPBOX\WORK\PL\VS2012\DEBUG\PLMATH.OBJ
C:\KEVIN\DROPBOX\WORK\PL\VS2012\DEBUG\PLMATRIX44.OBJ
C:\KEVIN\DROPBOX\WORK\PL\VS2012\DEBUG\PLMATRIXSTACK.OBJ
C:\KEVIN\DROPBOX\WORK\PL\VS2012\DEBUG\PLMESH.OBJ
C:\KEVIN\DROPBOX\WORK\PL\VS2012\DEBUG\PLMESHALGORITHM.OBJ
C:\KEVIN\DROPBOX\WORK\PL\VS2012\DEBUG\PLMESHCONNECTIVITYDATA.OBJ
C:\KEVIN\DROPBOX\WORK\PL\VS2012\DEBUG\PLMESHCUTTER.OBJ
C:\KEVIN\DROPBOX\WORK\PL\VS2012\DEBUG\PLMESHEXTRUDER.OBJ
C:\KEVIN\DROPBOX\WORK\PL\VS2012\DEBUG\PLMESHINTERSECTOR.OBJ
C:\KEVIN\DROPBOX\WORK\PL\VS2012\DEBUG\PLMINIMALSHADER.OBJ
C:\KEVIN\DROPBOX\WORK\PL\VS2012\DEBUG\PLMODEL.OBJ
C:\KEVIN\DROPBOX\WORK\PL\VS2012\DEBUG\PLMODELSPECIFIC.OBJ
C:\KEVIN\DROPBOX\WORK\PL\VS2012\DEBUG\PLOCTREE.OBJ
C:\KEVIN\DROPBOX\WORK\PL\VS2012\DEBUG\PLOCTREEMESH.OBJ
C:\KEVIN\DROPBOX\WORK\PL\VS2012\DEBUG\PLPHONGSHADER.OBJ
C:\KEVIN\DROPBOX\WORK\PL\VS2012\DEBUG\PLPICKINGSHADER.OBJ
C:\KEVIN\DROPBOX\WORK\PL\VS2012\DEBUG\PLPICKINGTEXTURE.OBJ
C:\KEVIN\DROPBOX\WORK\PL\VS2012\DEBUG\PLPLAN.OBJ
C:\KEVIN\DROPBOX\WORK\PL\VS2012\DEBUG\PLPLANNERSTAGE0.OBJ
C:\KEVIN\DROPBOX\WORK\PL\VS2012\DEBUG\PLPLANNERSTAGE0SHADER.OBJ
C:\KEVIN\DROPBOX\WORK\PL\VS2012\DEBUG\PLBUFFEROBJECT.OBJ
C:\KEVIN\DROPBOX\WORK\PL\VS2012\DEBUG\PLCAMERA.OBJ
C:\KEVIN\DROPBOX\WORK\PL\VS2012\DEBUG\PLCHESSBOARD.OBJ
C:\KEVIN\DROPBOX\WORK\PL\VS2012\DEBUG\PLCOLOURMAP.OBJ
C:\KEVIN\DROPBOX\WORK\PL\VS2012\DEBUG\PLCOLOURMESH.OBJ
C:\KEVIN\DROPBOX\WORK\PL\VS2012\DEBUG\PLCSV.OBJ
C:\KEVIN\DROPBOX\WORK\PL\VS2012\DEBUG\PLDEBUGSPHERE.OBJ
C:\KEVIN\DROPBOX\WORK\PL\VS2012\DEBUG\PLDEBUGTRANSFORM.OBJ
C:\KEVIN\DROPBOX\WORK\PL\VS2012\DEBUG\PLDEFECTSITE.OBJ
C:\KEVIN\DROPBOX\WORK\PL\VS2012\DEBUG\PLDONORSITE.OBJ
C:\KEVIN\DROPBOX\WORK\PL\VS2012\DEBUG\PLDRAW.OBJ
C:\KEVIN\DROPBOX\WORK\PL\VS2012\DEBUG\PLDRBTRANSFORM.OBJ
C:\KEVIN\DROPBOX\WORK\PL\VS2012\DEBUG\PLEABO.OBJ
C:\KEVIN\DROPBOX\WORK\PL\VS2012\DEBUG\PLEDITABLE.OBJ
C:\KEVIN\DROPBOX\WORK\PL\VS2012\DEBUG\PLGRAFT.OBJ
C:\KEVIN\DROPBOX\WORK\PL\VS2012\DEBUG\PLGRAFTEDITOR.OBJ
C:\KEVIN\DROPBOX\WORK\PL\VS2012\DEBUG\PLIGUIDE.OBJ
C:\KEVIN\DROPBOX\WORK\PL\VS2012\DEBUG\PLIGUIDESITE.OBJ
C:\KEVIN\DROPBOX\WORK\PL\VS2012\DEBUG\PLLASERLINE.OBJ
C:\KEVIN\DROPBOX\WORK\PL\VS2012\DEBUG\PLLINEMESH.OBJ
C:\KEVIN\DROPBOX\WORK\PL\VS2012\DEBUG\MAIN.OBJ
C:\KEVIN\DROPBOX\WORK\PL\VS2012\DEBUG\PL.OBJ
C:\KEVIN\DROPBOX\WORK\PL\VS2012\DEBUG\PLANNERWINDOW.OBJ
C:\KEVIN\DROPBOX\WORK\PL\VS2012\DEBUG\PLAUTOMATICPLANNER.OBJ
C:\KEVIN\DROPBOX\WORK\PL\VS2012\DEBUG\PLBONEANDCARTILAGE.OBJ
C:\KEVIN\DROPBOX\WORK\PL\VS2012\DEBUG\PLBOUNDARY.OBJ
C:\KEVIN\DROPBOX\WORK\PL\VS2012\DEBUG\PLBOUNDARYEDITOR.OBJ
C:\KEVIN\DROPBOX\WORK\PL\VS2012\DEBUG\VC110.PDB
C:\KEVIN\DROPBOX\WORK\PL\VS2012\DEBUG\VS2012.ILK
C:\KEVIN\DROPBOX\WORK\PL\VS2012\DEBUG\VS2012.EXE
C:\KEVIN\DROPBOX\WORK\PL\VS2012\DEBUG\VS2012.PDB
C:\Kevin\Dropbox\work\pl\vs2012\Debug\main.obj
C:\Kevin\Dropbox\work\pl\vs2012\Debug\pl.obj
C:\Kevin\Dropbox\work\pl\vs2012\Debug\PlannerWindow.obj
C:\Kevin\Dropbox\work\pl\vs2012\Debug\plAutomaticPlanner.obj
C:\Kevin\Dropbox\work\pl\vs2012\Debug\plBoneAndCartilage.obj
C:\Kevin\Dropbox\work\pl\vs2012\Debug\plBoundary.obj
C:\Kevin\Dropbox\work\pl\vs2012\Debug\plBoundaryEditor.obj
C:\Kevin\Dropbox\work\pl\vs2012\Debug\plBufferObject.obj
C:\Kevin\Dropbox\work\pl\vs2012\Debug\plCamera.obj
C:\Kevin\Dropbox\work\pl\vs2012\Debug\plChessBoard.obj
C:\Kevin\Dropbox\work\pl\vs2012\Debug\plColourMap.obj
C:\Kevin\Dropbox\work\pl\vs2012\Debug\plColourMesh.obj
C:\Kevin\Dropbox\work\pl\vs2012\Debug\plCSV.obj
C:\Kevin\Dropbox\work\pl\vs2012\Debug\plDebugSphere.obj
C:\Kevin\Dropbox\work\pl\vs2012\Debug\plDebugTransform.obj
C:\Kevin\Dropbox\work\pl\vs2012\Debug\plDefectSite.obj
C:\Kevin\Dropbox\work\pl\vs2012\Debug\plDonorSite.obj
C:\Kevin\Dropbox\work\pl\vs2012\Debug\plDraw.obj
C:\Kevin\Dropbox\work\pl\vs2012\Debug\plDRBTransform.obj
C:\Kevin\Dropbox\work\pl\vs2012\Debug\plEABO.obj
C:\Kevin\Dropbox\work\pl\vs2012\Debug\plEditable.obj
C:\Kevin\Dropbox\work\pl\vs2012\Debug\plGraft.obj
C:\Kevin\Dropbox\work\pl\vs2012\Debug\plGraftEditor.obj
C:\Kevin\Dropbox\work\pl\vs2012\Debug\plIGuide.obj
C:\Kevin\Dropbox\work\pl\vs2012\Debug\plIGuideSite.obj
C:\Kevin\Dropbox\work\pl\vs2012\Debug\plLaserLine.obj
C:\Kevin\Dropbox\work\pl\vs2012\Debug\plLineMesh.obj
C:\Kevin\Dropbox\work\pl\vs2012\Debug\plMath.obj
C:\Kevin\Dropbox\work\pl\vs2012\Debug\plMatrix44.obj
C:\Kevin\Dropbox\work\pl\vs2012\Debug\plMatrixStack.obj
C:\Kevin\Dropbox\work\pl\vs2012\Debug\plMesh.obj
C:\Kevin\Dropbox\work\pl\vs2012\Debug\plMeshAlgorithm.obj
C:\Kevin\Dropbox\work\pl\vs2012\Debug\plMeshConnectivityData.obj
C:\Kevin\Dropbox\work\pl\vs2012\Debug\plMeshCutter.obj
C:\Kevin\Dropbox\work\pl\vs2012\Debug\plMeshExtruder.obj
C:\Kevin\Dropbox\work\pl\vs2012\Debug\plMeshIntersector.obj
C:\Kevin\Dropbox\work\pl\vs2012\Debug\plMinimalShader.obj
C:\Kevin\Dropbox\work\pl\vs2012\Debug\plModel.obj
C:\Kevin\Dropbox\work\pl\vs2012\Debug\plModelSpecific.obj
C:\Kevin\Dropbox\work\pl\vs2012\Debug\plOctree.obj
C:\Kevin\Dropbox\work\pl\vs2012\Debug\plOctreeMesh.obj
C:\Kevin\Dropbox\work\pl\vs2012\Debug\plPhongShader.obj
C:\Kevin\Dropbox\work\pl\vs2012\Debug\plPickingShader.obj
C:\Kevin\Dropbox\work\pl\vs2012\Debug\plPickingTexture.obj
C:\Kevin\Dropbox\work\pl\vs2012\Debug\plPlan.obj
C:\Kevin\Dropbox\work\pl\vs2012\Debug\plPlannerStage0.obj
C:\Kevin\Dropbox\work\pl\vs2012\Debug\plPlannerStage0Shader.obj
C:\Kevin\Dropbox\work\pl\vs2012\Debug\plPlannerStage1.obj
C:\Kevin\Dropbox\work\pl\vs2012\Debug\plPlannerStage1Shader.obj
C:\Kevin\Dropbox\work\pl\vs2012\Debug\plPlannerStage2.obj
C:\Kevin\Dropbox\work\pl\vs2012\Debug\plPlannerStage2Shader.obj
C:\Kevin\Dropbox\work\pl\vs2012\Debug\plPlannerStage3.obj
C:\Kevin\Dropbox\work\pl\vs2012\Debug\plPlannerStage3Shader.obj
C:\Kevin\Dropbox\work\pl\vs2012\Debug\plPlannerStructs.obj
C:\Kevin\Dropbox\work\pl\vs2012\Debug\plPlanningBufferData.obj
C:\Kevin\Dropbox\work\pl\vs2012\Debug\plPlanningSite.obj
C:\Kevin\Dropbox\work\pl\vs2012\Debug\plPlug.obj
C:\Kevin\Dropbox\work\pl\vs2012\Debug\plPolygon.obj
C:\Kevin\Dropbox\work\pl\vs2012\Debug\plProjection.obj
C:\Kevin\Dropbox\work\pl\vs2012\Debug\plRenderable.obj
C:\Kevin\Dropbox\work\pl\vs2012\Debug\plRenderer.obj
C:\Kevin\Dropbox\work\pl\vs2012\Debug\plRenderingPipeline.obj
C:\Kevin\Dropbox\work\pl\vs2012\Debug\plScan.obj
C:\Kevin\Dropbox\work\pl\vs2012\Debug\plScanPoint.obj
C:\Kevin\Dropbox\work\pl\vs2012\Debug\plScanVolume.obj
C:\Kevin\Dropbox\work\pl\vs2012\Debug\plShader.obj
C:\Kevin\Dropbox\work\pl\vs2012\Debug\plShapeMesh.obj
C:\Kevin\Dropbox\work\pl\vs2012\Debug\plSpline.obj
C:\Kevin\Dropbox\work\pl\vs2012\Debug\plSSBO.obj
C:\Kevin\Dropbox\work\pl\vs2012\Debug\plString.obj
C:\Kevin\Dropbox\work\pl\vs2012\Debug\plTexture2D.obj
C:\Kevin\Dropbox\work\pl\vs2012\Debug\plTexture2DMesh.obj
C:\Kevin\Dropbox\work\pl\vs2012\Debug\plTexture2DShader.obj
C:\Kevin\Dropbox\work\pl\vs2012\Debug\plTexture3D.obj
C:\Kevin\Dropbox\work\pl\vs2012\Debug\plTexture3DMesh.obj
C:\Kevin\Dropbox\work\pl\vs2012\Debug\plTexture3DShader.obj
C:\Kevin\Dropbox\work\pl\vs2012\Debug\plTrackedObject.obj
C:\Kevin\Dropbox\work\pl\vs2012\Debug\plTransform.obj
C:\Kevin\Dropbox\work\pl\vs2012\Debug\plTransparentRenderable.obj
C:\Kevin\Dropbox\work\pl\vs2012\Debug\plTriangle.obj
C:\Kevin\Dropbox\work\pl\vs2012\Debug\plUtility.obj
C:\Kevin\Dropbox\work\pl\vs2012\Debug\plVAO.obj
C:\Kevin\Dropbox\work\pl\vs2012\Debug\plVBO.obj
C:\Kevin\Dropbox\work\pl\vs2012\Debug\plVector3.obj
C:\Kevin\Dropbox\work\pl\vs2012\Debug\plVector4.obj
C:\Kevin\Dropbox\work\pl\vs2012\Debug\plWindow.obj
C:\Kevin\Dropbox\work\pl\vs2012\Debug\Window.obj
C:\Kevin\Dropbox\work\pl\vs2012\Debug\vs2012.ilk
C:\Kevin\Dropbox\work\pl\vs2012\Debug\cl.command.1.tlog
C:\Kevin\Dropbox\work\pl\vs2012\Debug\CL.read.1.tlog
C:\Kevin\Dropbox\work\pl\vs2012\Debug\CL.write.1.tlog
C:\Kevin\Dropbox\work\pl\vs2012\Debug\link-cvtres.read.1.tlog
C:\Kevin\Dropbox\work\pl\vs2012\Debug\link-cvtres.write.1.tlog
C:\Kevin\Dropbox\work\pl\vs2012\Debug\link-rc.read.1.tlog
C:\Kevin\Dropbox\work\pl\vs2012\Debug\link-rc.write.1.tlog
C:\Kevin\Dropbox\work\pl\vs2012\Debug\link.1996-cvtres.read.1.tlog
C:\Kevin\Dropbox\work\pl\vs2012\Debug\link.1996-cvtres.write.1.tlog
C:\Kevin\Dropbox\work\pl\vs2012\Debug\link.1996-rc.read.1.tlog
C:\Kevin\Dropbox\work\pl\vs2012\Debug\link.1996-rc.write.1.tlog
C:\Kevin\Dropbox\work\pl\vs2012\Debug\link.1996.read.1.tlog
C:\Kevin\Dropbox\work\pl\vs2012\Debug\link.1996.write.1.tlog
C:\Kevin\Dropbox\work\pl\vs2012\Debug\link.2344-cvtres.read.1.tlog
C:\Kevin\Dropbox\work\pl\vs2012\Debug\link.2344-cvtres.write.1.tlog
C:\Kevin\Dropbox\work\pl\vs2012\Debug\link.2344-rc.read.1.tlog
C:\Kevin\Dropbox\work\pl\vs2012\Debug\link.2344-rc.write.1.tlog
C:\Kevin\Dropbox\work\pl\vs2012\Debug\link.2344.read.1.tlog
C:\Kevin\Dropbox\work\pl\vs2012\Debug\link.2344.write.1.tlog
C:\Kevin\Dropbox\work\pl\vs2012\Debug\link.2988-cvtres.read.1.tlog
C:\Kevin\Dropbox\work\pl\vs2012\Debug\link.2988-cvtres.write.1.tlog
C:\Kevin\Dropbox\work\pl\vs2012\Debug\link.2988-rc.read.1.tlog
C:\Kevin\Dropbox\work\pl\vs2012\Debug\link.2988-rc.write.1.tlog
C:\Kevin\Dropbox\work\pl\vs2012\Debug\link.2988.read.1.tlog
C:\Kevin\Dropbox\work\pl\vs2012\Debug\link.2988.write.1.tlog
C:\Kevin\Dropbox\work\pl\vs2012\Debug\link.4140-cvtres.read.1.tlog
C:\Kevin\Dropbox\work\pl\vs2012\Debug\link.4140-cvtres.write.1.tlog
C:\Kevin\Dropbox\work\pl\vs2012\Debug\link.4140-rc.read.1.tlog
C:\Kevin\Dropbox\work\pl\vs2012\Debug\link.4140-rc.write.1.tlog
C:\Kevin\Dropbox\work\pl\vs2012\Debug\link.4140.read.1.tlog
C:\Kevin\Dropbox\work\pl\vs2012\Debug\link.4140.write.1.tlog
C:\Kevin\Dropbox\work\pl\vs2012\Debug\link.command.1.tlog
C:\Kevin\Dropbox\work\pl\vs2012\Debug\link.read.1.tlog
C:\Kevin\Dropbox\work\pl\vs2012\Debug\link.write.1.tlog
C:\Kevin\Dropbox\work\pl\vs2012\Debug\vc110.idb
C:\Kevin\Dropbox\work\pl\vs2012\Debug\vc110.pdb
C:\Kevin\Dropbox\work\pl\vs2012\Debug\vs2012.pdb
C:\Kevin\Dropbox\work\pl\vs2012\Debug\vs2012.exe
