C:\KEVIN\DROPBOX\WORK\PL\VS2012\RELEASE\PLDRAW.OBJ
C:\KEVIN\DROPBOX\WORK\PL\VS2012\RELEASE\PLDONORSITE.OBJ
C:\KEVIN\DROPBOX\WORK\PL\VS2012\RELEASE\PLDISK.OBJ
C:\KEVIN\DROPBOX\WORK\PL\VS2012\RELEASE\PLDEFECTSITE.OBJ
C:\KEVIN\DROPBOX\WORK\PL\VS2012\RELEASE\PLCYLINDER.OBJ
C:\KEVIN\DROPBOX\WORK\PL\VS2012\RELEASE\PLCSV.OBJ
C:\KEVIN\DROPBOX\WORK\PL\VS2012\RELEASE\PLCONE.OBJ
C:\KEVIN\DROPBOX\WORK\PL\VS2012\RELEASE\PLCOLOURMAP.OBJ
C:\KEVIN\DROPBOX\WORK\PL\VS2012\RELEASE\PLCHESSBOARD.OBJ
C:\KEVIN\DROPBOX\WORK\PL\VS2012\RELEASE\PLCAMERA.OBJ
C:\KEVIN\DROPBOX\WORK\PL\VS2012\RELEASE\PLBUFFEROBJECT.OBJ
C:\KEVIN\DROPBOX\WORK\PL\VS2012\RELEASE\PLBOUNDARYEDITOR.OBJ
C:\KEVIN\DROPBOX\WORK\PL\VS2012\RELEASE\PLBOUNDARY.OBJ
C:\KEVIN\DROPBOX\WORK\PL\VS2012\RELEASE\PLBONEANDCARTILAGE.OBJ
C:\KEVIN\DROPBOX\WORK\PL\VS2012\RELEASE\PLAUTOMATICPLANNER.OBJ
C:\KEVIN\DROPBOX\WORK\PL\VS2012\RELEASE\PLARTHROVIEWABLE.OBJ
C:\KEVIN\DROPBOX\WORK\PL\VS2012\RELEASE\PLARTHROCAMTECHNIQUE.OBJ
C:\KEVIN\DROPBOX\WORK\PL\VS2012\RELEASE\PLANNERWINDOW.OBJ
C:\KEVIN\DROPBOX\WORK\PL\VS2012\RELEASE\PL.OBJ
C:\KEVIN\DROPBOX\WORK\PL\VS2012\RELEASE\MAIN.OBJ
C:\KEVIN\DROPBOX\WORK\PL\VS2012\RELEASE\PLMESHINTERSECTOR.OBJ
C:\KEVIN\DROPBOX\WORK\PL\VS2012\RELEASE\PLMESHEXTRUDER.OBJ
C:\KEVIN\DROPBOX\WORK\PL\VS2012\RELEASE\PLMESHCUTTER.OBJ
C:\KEVIN\DROPBOX\WORK\PL\VS2012\RELEASE\PLMESHCONNECTIVITYDATA.OBJ
C:\KEVIN\DROPBOX\WORK\PL\VS2012\RELEASE\PLMESHALGORITHM.OBJ
C:\KEVIN\DROPBOX\WORK\PL\VS2012\RELEASE\PLMESH.OBJ
C:\KEVIN\DROPBOX\WORK\PL\VS2012\RELEASE\PLMATRIXSTACK.OBJ
C:\KEVIN\DROPBOX\WORK\PL\VS2012\RELEASE\PLMATRIX44.OBJ
C:\KEVIN\DROPBOX\WORK\PL\VS2012\RELEASE\PLMATH.OBJ
C:\KEVIN\DROPBOX\WORK\PL\VS2012\RELEASE\PLLASERLINE.OBJ
C:\KEVIN\DROPBOX\WORK\PL\VS2012\RELEASE\PLIGUIDESITE.OBJ
C:\KEVIN\DROPBOX\WORK\PL\VS2012\RELEASE\PLIGUIDE.OBJ
C:\KEVIN\DROPBOX\WORK\PL\VS2012\RELEASE\PLGRAFTEDITOR.OBJ
C:\KEVIN\DROPBOX\WORK\PL\VS2012\RELEASE\PLGRAFTCAP.OBJ
C:\KEVIN\DROPBOX\WORK\PL\VS2012\RELEASE\PLGRAFT.OBJ
C:\KEVIN\DROPBOX\WORK\PL\VS2012\RELEASE\PLFBO.OBJ
C:\KEVIN\DROPBOX\WORK\PL\VS2012\RELEASE\PLEDITOR.OBJ
C:\KEVIN\DROPBOX\WORK\PL\VS2012\RELEASE\PLEDITABLE.OBJ
C:\KEVIN\DROPBOX\WORK\PL\VS2012\RELEASE\PLEABO.OBJ
C:\KEVIN\DROPBOX\WORK\PL\VS2012\RELEASE\PLDRBTRANSFORM.OBJ
C:\KEVIN\DROPBOX\WORK\PL\VS2012\RELEASE\PLPOLYGON.OBJ
C:\KEVIN\DROPBOX\WORK\PL\VS2012\RELEASE\PLPLUG.OBJ
C:\KEVIN\DROPBOX\WORK\PL\VS2012\RELEASE\PLPLANTECHNIQUE.OBJ
C:\KEVIN\DROPBOX\WORK\PL\VS2012\RELEASE\PLPLANNINGSITE.OBJ
C:\KEVIN\DROPBOX\WORK\PL\VS2012\RELEASE\PLPLANNINGBUFFERDATA.OBJ
C:\KEVIN\DROPBOX\WORK\PL\VS2012\RELEASE\PLPLANNERSTRUCTS.OBJ
C:\KEVIN\DROPBOX\WORK\PL\VS2012\RELEASE\PLPLANNERSTAGE3.OBJ
C:\KEVIN\DROPBOX\WORK\PL\VS2012\RELEASE\PLPLANNERSTAGE2.OBJ
C:\KEVIN\DROPBOX\WORK\PL\VS2012\RELEASE\PLPLANNERSTAGE1.OBJ
C:\KEVIN\DROPBOX\WORK\PL\VS2012\RELEASE\PLPLANNERSTAGE0.OBJ
C:\KEVIN\DROPBOX\WORK\PL\VS2012\RELEASE\PLPLANNERSHADER.OBJ
C:\KEVIN\DROPBOX\WORK\PL\VS2012\RELEASE\PLPLAN.OBJ
C:\KEVIN\DROPBOX\WORK\PL\VS2012\RELEASE\PLPICKING.OBJ
C:\KEVIN\DROPBOX\WORK\PL\VS2012\RELEASE\PLOUTLINETECHNIQUE.OBJ
C:\KEVIN\DROPBOX\WORK\PL\VS2012\RELEASE\PLOPENGLINFO.OBJ
C:\KEVIN\DROPBOX\WORK\PL\VS2012\RELEASE\PLOCTREEMESH.OBJ
C:\KEVIN\DROPBOX\WORK\PL\VS2012\RELEASE\PLOCTREE.OBJ
C:\KEVIN\DROPBOX\WORK\PL\VS2012\RELEASE\PLMODEL.OBJ
C:\KEVIN\DROPBOX\WORK\PL\VS2012\RELEASE\PLMINIMALTECHNIQUE.OBJ
C:\KEVIN\DROPBOX\WORK\PL\VS2012\RELEASE\PLMESHSPECIFIC.OBJ
C:\KEVIN\DROPBOX\WORK\PL\VS2012\RELEASE\PLTRANSFORM.OBJ
C:\KEVIN\DROPBOX\WORK\PL\VS2012\RELEASE\PLTRACKEDOBJECT.OBJ
C:\KEVIN\DROPBOX\WORK\PL\VS2012\RELEASE\PLTEXTURE3D.OBJ
C:\KEVIN\DROPBOX\WORK\PL\VS2012\RELEASE\PLTEXTURE2D.OBJ
C:\KEVIN\DROPBOX\WORK\PL\VS2012\RELEASE\PLSTRING.OBJ
C:\KEVIN\DROPBOX\WORK\PL\VS2012\RELEASE\PLSSBO.OBJ
C:\KEVIN\DROPBOX\WORK\PL\VS2012\RELEASE\PLSPLINE.OBJ
C:\KEVIN\DROPBOX\WORK\PL\VS2012\RELEASE\PLSPHERE.OBJ
C:\KEVIN\DROPBOX\WORK\PL\VS2012\RELEASE\PLSHADER.OBJ
C:\KEVIN\DROPBOX\WORK\PL\VS2012\RELEASE\PLSCREENQUADTECHNIQUE.OBJ
C:\KEVIN\DROPBOX\WORK\PL\VS2012\RELEASE\PLSCANVOLUME.OBJ
C:\KEVIN\DROPBOX\WORK\PL\VS2012\RELEASE\PLSCANPOINT.OBJ
C:\KEVIN\DROPBOX\WORK\PL\VS2012\RELEASE\PLSCAN.OBJ
C:\KEVIN\DROPBOX\WORK\PL\VS2012\RELEASE\PLRENDERTECHNIQUE.OBJ
C:\KEVIN\DROPBOX\WORK\PL\VS2012\RELEASE\PLRENDERRESOURCES.OBJ
C:\KEVIN\DROPBOX\WORK\PL\VS2012\RELEASE\PLRENDERINGPIPELINE.OBJ
C:\KEVIN\DROPBOX\WORK\PL\VS2012\RELEASE\PLRENDERER.OBJ
C:\KEVIN\DROPBOX\WORK\PL\VS2012\RELEASE\PLRENDERCOMPONENT.OBJ
C:\KEVIN\DROPBOX\WORK\PL\VS2012\RELEASE\PLRENDERABLE.OBJ
C:\KEVIN\DROPBOX\WORK\PL\VS2012\RELEASE\PLPROJECTION.OBJ
C:\KEVIN\DROPBOX\WORK\PL\VS2012\RELEASE\WINDOW.OBJ
C:\KEVIN\DROPBOX\WORK\PL\VS2012\RELEASE\PLWINDOW.OBJ
C:\KEVIN\DROPBOX\WORK\PL\VS2012\RELEASE\PLVERTEXSPECBUFFER.OBJ
C:\KEVIN\DROPBOX\WORK\PL\VS2012\RELEASE\PLVERTEXFRAGMENTSHADER.OBJ
C:\KEVIN\DROPBOX\WORK\PL\VS2012\RELEASE\PLVECTOR4.OBJ
C:\KEVIN\DROPBOX\WORK\PL\VS2012\RELEASE\PLVECTOR3.OBJ
C:\KEVIN\DROPBOX\WORK\PL\VS2012\RELEASE\PLVBO.OBJ
C:\KEVIN\DROPBOX\WORK\PL\VS2012\RELEASE\PLVAO.OBJ
C:\KEVIN\DROPBOX\WORK\PL\VS2012\RELEASE\PLUTILITY.OBJ
C:\KEVIN\DROPBOX\WORK\PL\VS2012\RELEASE\PLUNIFORM.OBJ
C:\KEVIN\DROPBOX\WORK\PL\VS2012\RELEASE\PLTRIANGLE.OBJ
C:\KEVIN\DROPBOX\WORK\PL\VS2012\RELEASE\PLTRANSPARENCYTECHNIQUE.OBJ
C:\KEVIN\DROPBOX\WORK\PL\VS2012\RELEASE\PLTRANSPARENTRENDERABLE.OBJ
C:\KEVIN\DROPBOX\WORK\PL\VS2012\RELEASE\PLRENDERSHAPES.OBJ
C:\KEVIN\DROPBOX\WORK\PL\VS2012\RELEASE\PLTIMER.OBJ
C:\KEVIN\DROPBOX\WORK\PL\VS2012\RELEASE\VC110.PDB
C:\KEVIN\DROPBOX\WORK\PL\VS2012\RELEASE\VS2012.EXE
C:\KEVIN\DROPBOX\WORK\PL\VS2012\RELEASE\VS2012.PDB
C:\Kevin\Dropbox\work\pl\vs2012\Release\main.obj
C:\Kevin\Dropbox\work\pl\vs2012\Release\pl.obj
C:\Kevin\Dropbox\work\pl\vs2012\Release\PlannerWindow.obj
C:\Kevin\Dropbox\work\pl\vs2012\Release\plArthroCamTechnique.obj
C:\Kevin\Dropbox\work\pl\vs2012\Release\plArthroViewable.obj
C:\Kevin\Dropbox\work\pl\vs2012\Release\plAutomaticPlanner.obj
C:\Kevin\Dropbox\work\pl\vs2012\Release\plBoneAndCartilage.obj
C:\Kevin\Dropbox\work\pl\vs2012\Release\plBoundary.obj
C:\Kevin\Dropbox\work\pl\vs2012\Release\plBoundaryEditor.obj
C:\Kevin\Dropbox\work\pl\vs2012\Release\plBufferObject.obj
C:\Kevin\Dropbox\work\pl\vs2012\Release\plCamera.obj
C:\Kevin\Dropbox\work\pl\vs2012\Release\plChessBoard.obj
C:\Kevin\Dropbox\work\pl\vs2012\Release\plColourMap.obj
C:\Kevin\Dropbox\work\pl\vs2012\Release\plCone.obj
C:\Kevin\Dropbox\work\pl\vs2012\Release\plCSV.obj
C:\Kevin\Dropbox\work\pl\vs2012\Release\plCylinder.obj
C:\Kevin\Dropbox\work\pl\vs2012\Release\plDefectSite.obj
C:\Kevin\Dropbox\work\pl\vs2012\Release\plDisk.obj
C:\Kevin\Dropbox\work\pl\vs2012\Release\plDonorSite.obj
C:\Kevin\Dropbox\work\pl\vs2012\Release\plDraw.obj
C:\Kevin\Dropbox\work\pl\vs2012\Release\plDRBTransform.obj
C:\Kevin\Dropbox\work\pl\vs2012\Release\plEABO.obj
C:\Kevin\Dropbox\work\pl\vs2012\Release\plEditable.obj
C:\Kevin\Dropbox\work\pl\vs2012\Release\plEditor.obj
C:\Kevin\Dropbox\work\pl\vs2012\Release\plFBO.obj
C:\Kevin\Dropbox\work\pl\vs2012\Release\plGraft.obj
C:\Kevin\Dropbox\work\pl\vs2012\Release\plGraftCap.obj
C:\Kevin\Dropbox\work\pl\vs2012\Release\plGraftEditor.obj
C:\Kevin\Dropbox\work\pl\vs2012\Release\plIGuide.obj
C:\Kevin\Dropbox\work\pl\vs2012\Release\plIGuideSite.obj
C:\Kevin\Dropbox\work\pl\vs2012\Release\plLaserLine.obj
C:\Kevin\Dropbox\work\pl\vs2012\Release\plMath.obj
C:\Kevin\Dropbox\work\pl\vs2012\Release\plMatrix44.obj
C:\Kevin\Dropbox\work\pl\vs2012\Release\plMatrixStack.obj
C:\Kevin\Dropbox\work\pl\vs2012\Release\plMesh.obj
C:\Kevin\Dropbox\work\pl\vs2012\Release\plMeshAlgorithm.obj
C:\Kevin\Dropbox\work\pl\vs2012\Release\plMeshConnectivityData.obj
C:\Kevin\Dropbox\work\pl\vs2012\Release\plMeshCutter.obj
C:\Kevin\Dropbox\work\pl\vs2012\Release\plMeshExtruder.obj
C:\Kevin\Dropbox\work\pl\vs2012\Release\plMeshIntersector.obj
C:\Kevin\Dropbox\work\pl\vs2012\Release\plMeshSpecific.obj
C:\Kevin\Dropbox\work\pl\vs2012\Release\plMinimalTechnique.obj
C:\Kevin\Dropbox\work\pl\vs2012\Release\plModel.obj
C:\Kevin\Dropbox\work\pl\vs2012\Release\plOctree.obj
C:\Kevin\Dropbox\work\pl\vs2012\Release\plOctreeMesh.obj
C:\Kevin\Dropbox\work\pl\vs2012\Release\plOpenGLInfo.obj
C:\Kevin\Dropbox\work\pl\vs2012\Release\plOutlineTechnique.obj
C:\Kevin\Dropbox\work\pl\vs2012\Release\plPicking.obj
C:\Kevin\Dropbox\work\pl\vs2012\Release\plPlan.obj
C:\Kevin\Dropbox\work\pl\vs2012\Release\plPlannerShader.obj
C:\Kevin\Dropbox\work\pl\vs2012\Release\plPlannerStage0.obj
C:\Kevin\Dropbox\work\pl\vs2012\Release\plPlannerStage1.obj
C:\Kevin\Dropbox\work\pl\vs2012\Release\plPlannerStage2.obj
C:\Kevin\Dropbox\work\pl\vs2012\Release\plPlannerStage3.obj
C:\Kevin\Dropbox\work\pl\vs2012\Release\plPlannerStructs.obj
C:\Kevin\Dropbox\work\pl\vs2012\Release\plPlanningBufferData.obj
C:\Kevin\Dropbox\work\pl\vs2012\Release\plPlanningSite.obj
C:\Kevin\Dropbox\work\pl\vs2012\Release\plPlanTechnique.obj
C:\Kevin\Dropbox\work\pl\vs2012\Release\plPlug.obj
C:\Kevin\Dropbox\work\pl\vs2012\Release\plPolygon.obj
C:\Kevin\Dropbox\work\pl\vs2012\Release\plProjection.obj
C:\Kevin\Dropbox\work\pl\vs2012\Release\plRenderable.obj
C:\Kevin\Dropbox\work\pl\vs2012\Release\plRenderComponent.obj
C:\Kevin\Dropbox\work\pl\vs2012\Release\plRenderer.obj
C:\Kevin\Dropbox\work\pl\vs2012\Release\plRenderingPipeline.obj
C:\Kevin\Dropbox\work\pl\vs2012\Release\plRenderResources.obj
C:\Kevin\Dropbox\work\pl\vs2012\Release\plRenderShapes.obj
C:\Kevin\Dropbox\work\pl\vs2012\Release\plRenderTechnique.obj
C:\Kevin\Dropbox\work\pl\vs2012\Release\plScan.obj
C:\Kevin\Dropbox\work\pl\vs2012\Release\plScanPoint.obj
C:\Kevin\Dropbox\work\pl\vs2012\Release\plScanVolume.obj
C:\Kevin\Dropbox\work\pl\vs2012\Release\plScreenQuadTechnique.obj
C:\Kevin\Dropbox\work\pl\vs2012\Release\plShader.obj
C:\Kevin\Dropbox\work\pl\vs2012\Release\plSphere.obj
C:\Kevin\Dropbox\work\pl\vs2012\Release\plSpline.obj
C:\Kevin\Dropbox\work\pl\vs2012\Release\plSSBO.obj
C:\Kevin\Dropbox\work\pl\vs2012\Release\plString.obj
C:\Kevin\Dropbox\work\pl\vs2012\Release\plTexture2D.obj
C:\Kevin\Dropbox\work\pl\vs2012\Release\plTexture3D.obj
C:\Kevin\Dropbox\work\pl\vs2012\Release\plTimer.obj
C:\Kevin\Dropbox\work\pl\vs2012\Release\plTrackedObject.obj
C:\Kevin\Dropbox\work\pl\vs2012\Release\plTransform.obj
C:\Kevin\Dropbox\work\pl\vs2012\Release\plTransparencyTechnique.obj
C:\Kevin\Dropbox\work\pl\vs2012\Release\plTransparentRenderable.obj
C:\Kevin\Dropbox\work\pl\vs2012\Release\plTriangle.obj
C:\Kevin\Dropbox\work\pl\vs2012\Release\plUniform.obj
C:\Kevin\Dropbox\work\pl\vs2012\Release\plUtility.obj
C:\Kevin\Dropbox\work\pl\vs2012\Release\plVAO.obj
C:\Kevin\Dropbox\work\pl\vs2012\Release\plVBO.obj
C:\Kevin\Dropbox\work\pl\vs2012\Release\plVector3.obj
C:\Kevin\Dropbox\work\pl\vs2012\Release\plVector4.obj
C:\Kevin\Dropbox\work\pl\vs2012\Release\plVertexFragmentShader.obj
C:\Kevin\Dropbox\work\pl\vs2012\Release\plVertexSpecBuffer.obj
C:\Kevin\Dropbox\work\pl\vs2012\Release\plWindow.obj
C:\Kevin\Dropbox\work\pl\vs2012\Release\Window.obj
C:\Kevin\Dropbox\work\pl\vs2012\Release\cl.command.1.tlog
C:\Kevin\Dropbox\work\pl\vs2012\Release\CL.read.1.tlog
C:\Kevin\Dropbox\work\pl\vs2012\Release\CL.write.1.tlog
C:\Kevin\Dropbox\work\pl\vs2012\Release\link-cvtres.read.1.tlog
C:\Kevin\Dropbox\work\pl\vs2012\Release\link-cvtres.write.1.tlog
C:\Kevin\Dropbox\work\pl\vs2012\Release\link-rc.read.1.tlog
C:\Kevin\Dropbox\work\pl\vs2012\Release\link-rc.write.1.tlog
C:\Kevin\Dropbox\work\pl\vs2012\Release\link.command.1.tlog
C:\Kevin\Dropbox\work\pl\vs2012\Release\link.read.1.tlog
C:\Kevin\Dropbox\work\pl\vs2012\Release\link.write.1.tlog
C:\Kevin\Dropbox\work\pl\vs2012\Release\vc110.pdb
C:\Kevin\Dropbox\work\pl\vs2012\Release\vs2012.pdb
C:\Kevin\Dropbox\work\pl\vs2012\Release\vs2012.exe
